Start testing: Nov 09 17:06 EST
----------------------------------------------------------
1/1 Testing: ExampleTests
1/1 Test: ExampleTests
Command: "/Users/georgemattingly/Desktop/SeniorThesis/GoogleTestCPlusPlus/build/test/ExampleTests"
Directory: /Users/georgemattingly/Desktop/SeniorThesis/GoogleTestCPlusPlus/build/test
"ExampleTests" start time: Nov 09 17:06 EST
Output:
----------------------------------------------------------
Running main() from /Users/georgemattingly/Desktop/SeniorThesis/GoogleTestCPlusPlus/googletest/googletest/src/gtest_main.cc
[==========] Running 1 test from 1 test suite.
[----------] Global test environment set-up.
[----------] 1 test from ExampleTests
[ RUN      ] ExampleTests.DemonstrateGTestMacros
[       OK ] ExampleTests.DemonstrateGTestMacros (0 ms)
[----------] 1 test from ExampleTests (0 ms total)

[----------] Global test environment tear-down
[==========] 1 test from 1 test suite ran. (0 ms total)
[  PASSED  ] 1 test.
<end of output>
Test time =   0.41 sec
----------------------------------------------------------
Test Passed.
"ExampleTests" end time: Nov 09 17:06 EST
"ExampleTests" time elapsed: 00:00:00
----------------------------------------------------------

End testing: Nov 09 17:06 EST
