<?xml version="1.0" encoding="UTF-8"?>
<Site BuildName="(empty)"
	BuildStamp="20231109-2108-Experimental"
	Name="(empty)"
	Generator="ctest-3.27.7"
	CompilerName=""
	CompilerVersion=""
	OSName="macOS"
	Hostname="Georges-Air.localdomain"
	OSRelease="11.5.2"
	OSVersion="20G95"
	OSPlatform="x86_64"
	Is64Bits="1"
	VendorString="GenuineIntel"
	VendorID="Intel Corporation"
	FamilyID="6"
	ModelID="61"
	ProcessorCacheSize="32768"
	NumberOfLogicalCPU="4"
	NumberOfPhysicalCPU="2"
	TotalVirtualMemory="3072"
	TotalPhysicalMemory="4096"
	LogicalProcessorsPerPhysical="8"
	ProcessorClockFrequency="1600"
	>
	<Testing>
		<StartDateTime>Nov 09 17:06 EST</StartDateTime>
		<StartTestTime>1699567606</StartTestTime>
		<TestList>
			<Test>./test/ExampleTests</Test>
		</TestList>
		<Test Status="passed">
			<Name>ExampleTests</Name>
			<Path>./test</Path>
			<FullName>./test/ExampleTests</FullName>
			<FullCommandLine>/Users/georgemattingly/Desktop/SeniorThesis/GoogleTestCPlusPlus/build/test/ExampleTests</FullCommandLine>
			<Results>
				<NamedMeasurement type="numeric/double" name="Execution Time">
					<Value>0.406968</Value>
				</NamedMeasurement>
				<NamedMeasurement type="numeric/double" name="Processors">
					<Value>1</Value>
				</NamedMeasurement>
				<NamedMeasurement type="text/string" name="Completion Status">
					<Value>Completed</Value>
				</NamedMeasurement>
				<NamedMeasurement type="text/string" name="Command Line">
					<Value>/Users/georgemattingly/Desktop/SeniorThesis/GoogleTestCPlusPlus/build/test/ExampleTests</Value>
				</NamedMeasurement>
				<NamedMeasurement type="text/string" name="Environment">
					<Value>#CTEST_RESOURCE_GROUP_COUNT=</Value>
				</NamedMeasurement>
				<Measurement>
					<Value encoding="base64" compression="gzip">eJyNUE1LxDAQvfdXzHF7aKM/wIPYpQdRl3b3VIrEOsZgkinJ1I9/b7NZlq0g9EFgePMm8+Y1k3PaKbBSu00Ob54siENAH4RC8gqtZJ4F5kdUGD6YRtGi0+T37xh0EDWRMrjHwHc7M4X4hDpyPHOXZfCDULF6jrvKYci6mzN6aE5GriFqkpFTHSbNWGZdcUYPtaEXaVIf3af25Cy6WYtcTOMf8eWf229px+Q4ZB00h0c4ol90ygotucBeMtaReZCDpziQ8HS/bgA2V2BDvs5OEgMTS5Nn6+5llL54pS+3TPO/FMFLVy73zCftbtt2W8UMkrbMfgE3Uq+y====</Value>
				</Measurement>
			</Results>
		</Test>
		<EndDateTime>Nov 09 17:06 EST</EndDateTime>
		<EndTestTime>1699567606</EndTestTime>
		<ElapsedMinutes>0</ElapsedMinutes>
	</Testing>
</Site>
