<?xml version="1.0" encoding="UTF-8"?>
<Site BuildName="(empty)"
	BuildStamp="20231109-2108-Experimental"
	Name="(empty)"
	Generator="ctest-3.27.7"
	CompilerName=""
	CompilerVersion=""
	OSName="macOS"
	Hostname="Georges-Air.localdomain"
	OSRelease="11.5.2"
	OSVersion="20G95"
	OSPlatform="x86_64"
	Is64Bits="1"
	VendorString="GenuineIntel"
	VendorID="Intel Corporation"
	FamilyID="6"
	ModelID="61"
	ProcessorCacheSize="32768"
	NumberOfLogicalCPU="4"
	NumberOfPhysicalCPU="2"
	TotalVirtualMemory="2048"
	TotalPhysicalMemory="4096"
	LogicalProcessorsPerPhysical="8"
	ProcessorClockFrequency="1600"
	>
	<Testing>
		<StartDateTime>Nov 09 16:59 EST</StartDateTime>
		<StartTestTime>1699567145</StartTestTime>
		<TestList>
			<Test>./test/ExampleTests</Test>
		</TestList>
		<Test Status="failed">
			<Name>ExampleTests</Name>
			<Path>./test</Path>
			<FullName>./test/ExampleTests</FullName>
			<FullCommandLine>/Users/georgemattingly/Desktop/SeniorThesis/GoogleTestCPlusPlus/build/test/ExampleTests</FullCommandLine>
			<Results>
				<NamedMeasurement type="text/string" name="Exit Code">
					<Value>Failed</Value>
				</NamedMeasurement>
				<NamedMeasurement type="text/string" name="Exit Value">
					<Value>1</Value>
				</NamedMeasurement>
				<NamedMeasurement type="numeric/double" name="Execution Time">
					<Value>0.442297</Value>
				</NamedMeasurement>
				<NamedMeasurement type="numeric/double" name="Processors">
					<Value>1</Value>
				</NamedMeasurement>
				<NamedMeasurement type="text/string" name="Completion Status">
					<Value>Completed</Value>
				</NamedMeasurement>
				<NamedMeasurement type="text/string" name="Command Line">
					<Value>/Users/georgemattingly/Desktop/SeniorThesis/GoogleTestCPlusPlus/build/test/ExampleTests</Value>
				</NamedMeasurement>
				<NamedMeasurement type="text/string" name="Environment">
					<Value>#CTEST_RESOURCE_GROUP_COUNT=</Value>
				</NamedMeasurement>
				<Measurement>
					<Value encoding="base64" compression="gzip">eJylUU1LAzEQvedXzNGC3VTwtOCh2G0RVEp366UUSbfTNZhNlszE1n/vftTSFYSKA4HJzJuP92YRrNW2gFJpezWAnXclyCWhJ1mg8wWWirkGmE85QXpnV8kUrXY+e0PSJGfOFQYzJL6fm0DNk0Ub4zp27pLPZdF4r82sKM/F6u5ka1gcF7mBBtMtcvQpaMZIrIYnW8PMuI0yXR7th/bOlmhrLPIwVD/A5z2TgyqrbmMSK1gsn6G1dS8TTbB0ltgrxlkTeVK5dyT+K02rRG9QXlXxbQxTpU3wKF6UCQhuF8NOGUIBMM45KPP9Tw4V5ozbGNgHFDUDmI4fHpPJhQzgagQlDS7TpwMDO1ZmIC47AKPyw63b2/55fzsreGWj/pya0nycph2lUYulqE+063ANRlOtBWzQuH38Zy2EqBsdK7IkzcQXSowD7Q==</Value>
				</Measurement>
			</Results>
		</Test>
		<EndDateTime>Nov 09 16:59 EST</EndDateTime>
		<EndTestTime>1699567146</EndTestTime>
		<ElapsedMinutes>0</ElapsedMinutes>
	</Testing>
</Site>
